<?xml version="1.0" encoding="UTF-8"?>
<!-- Generated by org.testng.reporters.JUnitXMLReporter -->
<testsuite ignored="0" hostname="DESKTOP-AUJ1KT1" failures="0" tests="3" name="Default test" time="2.586" errors="0" timestamp="2021-07-23T21:56:17 IST">
  <testcase classname="files.DynamicJson" name="addBook" time="2.356"/>
  <testcase classname="files.DynamicJson" name="addBook" time="0.097"/>
  <testcase classname="files.DynamicJson" name="addBook" time="0.093"/>
</testsuite> <!-- Default test -->
