<?xml version="1.0" encoding="UTF-8"?>
<testng-results ignored="0" total="3" passed="3" failed="0" skipped="0">
  <reporter-output>
  </reporter-output>
  <suite started-at="2021-07-23T21:56:14 IST" name="Default suite" finished-at="2021-07-23T21:56:17 IST" duration-ms="2586">
    <groups>
    </groups>
    <test started-at="2021-07-23T21:56:14 IST" name="Default test" finished-at="2021-07-23T21:56:17 IST" duration-ms="2586">
      <class name="files.DynamicJson">
        <test-method signature="addBook(java.lang.String,java.lang.String)[pri:0, instance:files.DynamicJson@27ff5d15]" started-at="2021-07-23T21:56:14 IST" name="addBook" data-provider="BooksData" finished-at="2021-07-23T21:56:16 IST" duration-ms="2356" status="PASS">
          <params>
            <param index="0">
              <value>
                <![CDATA[pajgf]]>
              </value>
            </param>
            <param index="1">
              <value>
                <![CDATA[81647]]>
              </value>
            </param>
          </params>
          <reporter-output>
          </reporter-output>
        </test-method> <!-- addBook -->
        <test-method signature="addBook(java.lang.String,java.lang.String)[pri:0, instance:files.DynamicJson@27ff5d15]" started-at="2021-07-23T21:56:16 IST" name="addBook" data-provider="BooksData" finished-at="2021-07-23T21:56:16 IST" duration-ms="97" status="PASS">
          <params>
            <param index="0">
              <value>
                <![CDATA[pqbgf]]>
              </value>
            </param>
            <param index="1">
              <value>
                <![CDATA[80647]]>
              </value>
            </param>
          </params>
          <reporter-output>
          </reporter-output>
        </test-method> <!-- addBook -->
        <test-method signature="addBook(java.lang.String,java.lang.String)[pri:0, instance:files.DynamicJson@27ff5d15]" started-at="2021-07-23T21:56:16 IST" name="addBook" data-provider="BooksData" finished-at="2021-07-23T21:56:17 IST" duration-ms="93" status="PASS">
          <params>
            <param index="0">
              <value>
                <![CDATA[pqcgf]]>
              </value>
            </param>
            <param index="1">
              <value>
                <![CDATA[35647]]>
              </value>
            </param>
          </params>
          <reporter-output>
          </reporter-output>
        </test-method> <!-- addBook -->
      </class> <!-- files.DynamicJson -->
    </test> <!-- Default test -->
  </suite> <!-- Default suite -->
</testng-results>
