<?xml version="1.0" encoding="UTF-8"?>
<testng-results ignored="0" total="1" passed="1" failed="0" skipped="0">
  <reporter-output>
  </reporter-output>
  <suite started-at="2021-08-21T21:45:57 IST" name="Default suite" finished-at="2021-08-21T21:45:58 IST" duration-ms="1045">
    <groups>
    </groups>
    <test started-at="2021-08-21T21:45:57 IST" name="Default test" finished-at="2021-08-21T21:45:58 IST" duration-ms="1045">
      <class name="SumValidation">
        <test-method signature="SumOfCourses()[pri:0, instance:SumValidation@a3d8174]" started-at="2021-08-21T21:45:57 IST" name="SumOfCourses" finished-at="2021-08-21T21:45:58 IST" duration-ms="1017" status="PASS">
          <reporter-output>
          </reporter-output>
        </test-method> <!-- SumOfCourses -->
      </class> <!-- SumValidation -->
    </test> <!-- Default test -->
  </suite> <!-- Default suite -->
</testng-results>
